2021-04-12 10:39:23,640 - D:/大学课程/大四下课程/毕业设计/原代码/easy/transE-master/transE.py[line:278] - INFO: load file...
2021-04-12 10:39:23,680 - D:/大学课程/大四下课程/毕业设计/原代码/easy/transE-master/transE.py[line:280] - INFO: Complete load. entity : 14951 , relation : 1345 , triple : 483142
2021-04-12 10:39:23,980 - D:/大学课程/大四下课程/毕业设计/原代码/easy/transE-master/transE.py[line:119] - INFO: batch size:=400
2021-04-12 10:45:17,790 - D:/大学课程/大四下课程/毕业设计/原代码/easy/transE-master/transE.py[line:139] - INFO: epoch:=0
2021-04-12 10:45:17,790 - D:/大学课程/大四下课程/毕业设计/原代码/easy/transE-master/transE.py[line:140] - INFO: cost time:=353.809
2021-04-12 10:45:17,790 - D:/大学课程/大四下课程/毕业设计/原代码/easy/transE-master/transE.py[line:141] - INFO: loss:=284491.64427906374
2021-04-12 10:51:04,190 - D:/大学课程/大四下课程/毕业设计/原代码/easy/transE-master/transE.py[line:139] - INFO: epoch:=1
2021-04-12 10:51:04,200 - D:/大学课程/大四下课程/毕业设计/原代码/easy/transE-master/transE.py[line:140] - INFO: cost time:=345.35
2021-04-12 10:51:04,200 - D:/大学课程/大四下课程/毕业设计/原代码/easy/transE-master/transE.py[line:141] - INFO: loss:=105841.28206145082
2021-04-12 10:56:42,317 - D:/大学课程/大四下课程/毕业设计/原代码/easy/transE-master/transE.py[line:139] - INFO: epoch:=2
2021-04-12 10:56:42,317 - D:/大学课程/大四下课程/毕业设计/原代码/easy/transE-master/transE.py[line:140] - INFO: cost time:=338.117
2021-04-12 10:56:42,317 - D:/大学课程/大四下课程/毕业设计/原代码/easy/transE-master/transE.py[line:141] - INFO: loss:=61363.83470494767
2021-04-12 11:02:11,494 - D:/大学课程/大四下课程/毕业设计/原代码/easy/transE-master/transE.py[line:139] - INFO: epoch:=3
2021-04-12 11:02:11,494 - D:/大学课程/大四下课程/毕业设计/原代码/easy/transE-master/transE.py[line:140] - INFO: cost time:=329.172
2021-04-12 11:02:11,494 - D:/大学课程/大四下课程/毕业设计/原代码/easy/transE-master/transE.py[line:141] - INFO: loss:=46357.74108065823
2021-04-12 11:07:42,884 - D:/大学课程/大四下课程/毕业设计/原代码/easy/transE-master/transE.py[line:139] - INFO: epoch:=4
2021-04-12 11:07:42,884 - D:/大学课程/大四下课程/毕业设计/原代码/easy/transE-master/transE.py[line:140] - INFO: cost time:=331.39
2021-04-12 11:07:42,884 - D:/大学课程/大四下课程/毕业设计/原代码/easy/transE-master/transE.py[line:141] - INFO: loss:=38846.17144385951
2021-04-12 11:13:10,899 - D:/大学课程/大四下课程/毕业设计/原代码/easy/transE-master/transE.py[line:139] - INFO: epoch:=5
2021-04-12 11:13:10,899 - D:/大学课程/大四下课程/毕业设计/原代码/easy/transE-master/transE.py[line:140] - INFO: cost time:=328.015
2021-04-12 11:13:10,899 - D:/大学课程/大四下课程/毕业设计/原代码/easy/transE-master/transE.py[line:141] - INFO: loss:=34804.559447658314
2021-04-12 11:18:38,530 - D:/大学课程/大四下课程/毕业设计/原代码/easy/transE-master/transE.py[line:139] - INFO: epoch:=6
2021-04-12 11:18:38,530 - D:/大学课程/大四下课程/毕业设计/原代码/easy/transE-master/transE.py[line:140] - INFO: cost time:=327.631
2021-04-12 11:18:38,530 - D:/大学课程/大四下课程/毕业设计/原代码/easy/transE-master/transE.py[line:141] - INFO: loss:=31708.584198558776
2021-04-12 11:24:03,914 - D:/大学课程/大四下课程/毕业设计/原代码/easy/transE-master/transE.py[line:139] - INFO: epoch:=7
2021-04-12 11:24:03,914 - D:/大学课程/大四下课程/毕业设计/原代码/easy/transE-master/transE.py[line:140] - INFO: cost time:=325.384
2021-04-12 11:24:03,914 - D:/大学课程/大四下课程/毕业设计/原代码/easy/transE-master/transE.py[line:141] - INFO: loss:=29617.867873298
2021-04-12 11:29:28,579 - D:/大学课程/大四下课程/毕业设计/原代码/easy/transE-master/transE.py[line:139] - INFO: epoch:=8
2021-04-12 11:29:28,579 - D:/大学课程/大四下课程/毕业设计/原代码/easy/transE-master/transE.py[line:140] - INFO: cost time:=324.665
2021-04-12 11:29:28,579 - D:/大学课程/大四下课程/毕业设计/原代码/easy/transE-master/transE.py[line:141] - INFO: loss:=28163.192080473316
2021-04-12 11:34:52,149 - D:/大学课程/大四下课程/毕业设计/原代码/easy/transE-master/transE.py[line:139] - INFO: epoch:=9
2021-04-12 11:34:52,149 - D:/大学课程/大四下课程/毕业设计/原代码/easy/transE-master/transE.py[line:140] - INFO: cost time:=323.57
2021-04-12 11:34:52,149 - D:/大学课程/大四下课程/毕业设计/原代码/easy/transE-master/transE.py[line:141] - INFO: loss:=26518.515305389657
2021-04-12 11:40:16,286 - D:/大学课程/大四下课程/毕业设计/原代码/easy/transE-master/transE.py[line:139] - INFO: epoch:=10
2021-04-12 11:40:16,286 - D:/大学课程/大四下课程/毕业设计/原代码/easy/transE-master/transE.py[line:140] - INFO: cost time:=324.138
2021-04-12 11:40:16,286 - D:/大学课程/大四下课程/毕业设计/原代码/easy/transE-master/transE.py[line:141] - INFO: loss:=25853.024095353518
2021-04-12 11:45:39,559 - D:/大学课程/大四下课程/毕业设计/原代码/easy/transE-master/transE.py[line:139] - INFO: epoch:=11
2021-04-12 11:45:39,559 - D:/大学课程/大四下课程/毕业设计/原代码/easy/transE-master/transE.py[line:140] - INFO: cost time:=323.272
2021-04-12 11:45:39,559 - D:/大学课程/大四下课程/毕业设计/原代码/easy/transE-master/transE.py[line:141] - INFO: loss:=24705.21261795239
2021-04-12 11:51:04,019 - D:/大学课程/大四下课程/毕业设计/原代码/easy/transE-master/transE.py[line:139] - INFO: epoch:=12
2021-04-12 11:51:04,019 - D:/大学课程/大四下课程/毕业设计/原代码/easy/transE-master/transE.py[line:140] - INFO: cost time:=324.46
2021-04-12 11:51:04,019 - D:/大学课程/大四下课程/毕业设计/原代码/easy/transE-master/transE.py[line:141] - INFO: loss:=24033.060957058347
2021-04-12 11:56:54,109 - D:/大学课程/大四下课程/毕业设计/原代码/easy/transE-master/transE.py[line:139] - INFO: epoch:=13
2021-04-12 11:56:54,109 - D:/大学课程/大四下课程/毕业设计/原代码/easy/transE-master/transE.py[line:140] - INFO: cost time:=350.09
2021-04-12 11:56:54,109 - D:/大学课程/大四下课程/毕业设计/原代码/easy/transE-master/transE.py[line:141] - INFO: loss:=23893.71354274544
2021-04-12 12:02:28,693 - D:/大学课程/大四下课程/毕业设计/原代码/easy/transE-master/transE.py[line:139] - INFO: epoch:=14
2021-04-12 12:02:28,693 - D:/大学课程/大四下课程/毕业设计/原代码/easy/transE-master/transE.py[line:140] - INFO: cost time:=334.585
2021-04-12 12:02:28,693 - D:/大学课程/大四下课程/毕业设计/原代码/easy/transE-master/transE.py[line:141] - INFO: loss:=23453.21193178154
2021-04-12 12:07:52,649 - D:/大学课程/大四下课程/毕业设计/原代码/easy/transE-master/transE.py[line:139] - INFO: epoch:=15
2021-04-12 12:07:52,649 - D:/大学课程/大四下课程/毕业设计/原代码/easy/transE-master/transE.py[line:140] - INFO: cost time:=323.955
2021-04-12 12:07:52,649 - D:/大学课程/大四下课程/毕业设计/原代码/easy/transE-master/transE.py[line:141] - INFO: loss:=23005.004595810908
2021-04-12 12:13:16,226 - D:/大学课程/大四下课程/毕业设计/原代码/easy/transE-master/transE.py[line:139] - INFO: epoch:=16
2021-04-12 12:13:16,226 - D:/大学课程/大四下课程/毕业设计/原代码/easy/transE-master/transE.py[line:140] - INFO: cost time:=323.578
2021-04-12 12:13:16,226 - D:/大学课程/大四下课程/毕业设计/原代码/easy/transE-master/transE.py[line:141] - INFO: loss:=22021.49624419498
2021-04-12 12:18:40,718 - D:/大学课程/大四下课程/毕业设计/原代码/easy/transE-master/transE.py[line:139] - INFO: epoch:=17
2021-04-12 12:18:40,718 - D:/大学课程/大四下课程/毕业设计/原代码/easy/transE-master/transE.py[line:140] - INFO: cost time:=324.492
2021-04-12 12:18:40,718 - D:/大学课程/大四下课程/毕业设计/原代码/easy/transE-master/transE.py[line:141] - INFO: loss:=21965.43642822462
2021-04-12 12:24:04,148 - D:/大学课程/大四下课程/毕业设计/原代码/easy/transE-master/transE.py[line:139] - INFO: epoch:=18
2021-04-12 12:24:04,148 - D:/大学课程/大四下课程/毕业设计/原代码/easy/transE-master/transE.py[line:140] - INFO: cost time:=323.43
2021-04-12 12:24:04,148 - D:/大学课程/大四下课程/毕业设计/原代码/easy/transE-master/transE.py[line:141] - INFO: loss:=21540.854182767718
2021-04-12 12:29:31,977 - D:/大学课程/大四下课程/毕业设计/原代码/easy/transE-master/transE.py[line:139] - INFO: epoch:=19
2021-04-12 12:29:31,977 - D:/大学课程/大四下课程/毕业设计/原代码/easy/transE-master/transE.py[line:140] - INFO: cost time:=327.828
2021-04-12 12:29:31,977 - D:/大学课程/大四下课程/毕业设计/原代码/easy/transE-master/transE.py[line:141] - INFO: loss:=20986.264521537098
2021-04-12 12:34:57,728 - D:/大学课程/大四下课程/毕业设计/原代码/easy/transE-master/transE.py[line:139] - INFO: epoch:=20
2021-04-12 12:34:57,728 - D:/大学课程/大四下课程/毕业设计/原代码/easy/transE-master/transE.py[line:140] - INFO: cost time:=325.751
2021-04-12 12:34:57,728 - D:/大学课程/大四下课程/毕业设计/原代码/easy/transE-master/transE.py[line:141] - INFO: loss:=20973.02404864504
2021-04-12 12:40:40,083 - D:/大学课程/大四下课程/毕业设计/原代码/easy/transE-master/transE.py[line:139] - INFO: epoch:=21
2021-04-12 12:40:40,083 - D:/大学课程/大四下课程/毕业设计/原代码/easy/transE-master/transE.py[line:140] - INFO: cost time:=341.335
2021-04-12 12:40:40,083 - D:/大学课程/大四下课程/毕业设计/原代码/easy/transE-master/transE.py[line:141] - INFO: loss:=20539.416720261972
2021-04-12 12:46:03,550 - D:/大学课程/大四下课程/毕业设计/原代码/easy/transE-master/transE.py[line:139] - INFO: epoch:=22
2021-04-12 12:46:03,550 - D:/大学课程/大四下课程/毕业设计/原代码/easy/transE-master/transE.py[line:140] - INFO: cost time:=323.467
2021-04-12 12:46:03,550 - D:/大学课程/大四下课程/毕业设计/原代码/easy/transE-master/transE.py[line:141] - INFO: loss:=20563.897293687754
2021-04-12 12:51:37,808 - D:/大学课程/大四下课程/毕业设计/原代码/easy/transE-master/transE.py[line:139] - INFO: epoch:=23
2021-04-12 12:51:37,808 - D:/大学课程/大四下课程/毕业设计/原代码/easy/transE-master/transE.py[line:140] - INFO: cost time:=334.258
2021-04-12 12:51:37,808 - D:/大学课程/大四下课程/毕业设计/原代码/easy/transE-master/transE.py[line:141] - INFO: loss:=20493.15013946033
2021-04-12 12:56:59,455 - D:/大学课程/大四下课程/毕业设计/原代码/easy/transE-master/transE.py[line:139] - INFO: epoch:=24
2021-04-12 12:56:59,455 - D:/大学课程/大四下课程/毕业设计/原代码/easy/transE-master/transE.py[line:140] - INFO: cost time:=321.647
2021-04-12 12:56:59,455 - D:/大学课程/大四下课程/毕业设计/原代码/easy/transE-master/transE.py[line:141] - INFO: loss:=19979.70156974036
2021-04-12 13:02:22,628 - D:/大学课程/大四下课程/毕业设计/原代码/easy/transE-master/transE.py[line:139] - INFO: epoch:=25
2021-04-12 13:02:22,628 - D:/大学课程/大四下课程/毕业设计/原代码/easy/transE-master/transE.py[line:140] - INFO: cost time:=323.173
2021-04-12 13:02:22,628 - D:/大学课程/大四下课程/毕业设计/原代码/easy/transE-master/transE.py[line:141] - INFO: loss:=19957.53872464238
2021-04-12 13:07:46,368 - D:/大学课程/大四下课程/毕业设计/原代码/easy/transE-master/transE.py[line:139] - INFO: epoch:=26
2021-04-12 13:07:46,368 - D:/大学课程/大四下课程/毕业设计/原代码/easy/transE-master/transE.py[line:140] - INFO: cost time:=323.74
2021-04-12 13:07:46,368 - D:/大学课程/大四下课程/毕业设计/原代码/easy/transE-master/transE.py[line:141] - INFO: loss:=19752.076504529654
2021-04-12 13:13:12,738 - D:/大学课程/大四下课程/毕业设计/原代码/easy/transE-master/transE.py[line:139] - INFO: epoch:=27
2021-04-12 13:13:12,738 - D:/大学课程/大四下课程/毕业设计/原代码/easy/transE-master/transE.py[line:140] - INFO: cost time:=326.37
2021-04-12 13:13:12,738 - D:/大学课程/大四下课程/毕业设计/原代码/easy/transE-master/transE.py[line:141] - INFO: loss:=19589.145898205035
2021-04-12 13:18:38,568 - D:/大学课程/大四下课程/毕业设计/原代码/easy/transE-master/transE.py[line:139] - INFO: epoch:=28
2021-04-12 13:18:38,568 - D:/大学课程/大四下课程/毕业设计/原代码/easy/transE-master/transE.py[line:140] - INFO: cost time:=325.82
2021-04-12 13:18:38,568 - D:/大学课程/大四下课程/毕业设计/原代码/easy/transE-master/transE.py[line:141] - INFO: loss:=19257.334791782694
2021-04-12 13:24:00,628 - D:/大学课程/大四下课程/毕业设计/原代码/easy/transE-master/transE.py[line:139] - INFO: epoch:=29
2021-04-12 13:24:00,628 - D:/大学课程/大四下课程/毕业设计/原代码/easy/transE-master/transE.py[line:140] - INFO: cost time:=322.06
2021-04-12 13:24:00,628 - D:/大学课程/大四下课程/毕业设计/原代码/easy/transE-master/transE.py[line:141] - INFO: loss:=19109.895519164216
2021-04-12 13:24:00,628 - D:/大学课程/大四下课程/毕业设计/原代码/easy/transE-master/transE.py[line:163] - INFO: 写入文件...
2021-04-12 13:24:01,657 - D:/大学课程/大四下课程/毕业设计/原代码/easy/transE-master/transE.py[line:175] - INFO: 写入完成
